Jul 29 09:10:14 Installed: mailx-12.5-19.el7.x86_64
Jul 29 09:10:14 Installed: libreport-filesystem-2.1.11-42.el7.centos.x86_64
Jul 29 09:10:14 Installed: mdadm-4.1-rc1_2.el7.x86_64
Jul 29 09:10:15 Installed: 1:smartmontools-6.5-1.el7.x86_64
Jul 29 09:10:15 Installed: hdparm-9.43-5.el7.x86_64
Jul 29 09:10:15 Installed: gdisk-0.8.10-2.el7.x86_64
Jul 29 12:41:31 Installed: wget-1.14-18.el7_6.1.x86_64
Jul 29 12:52:36 Updated: glibc-common-2.17-260.el7_6.6.x86_64
Jul 29 12:52:38 Updated: glibc-2.17-260.el7_6.6.x86_64
Jul 29 12:52:38 Installed: mpfr-3.1.1-4.el7.x86_64
Jul 29 12:52:38 Installed: libmpc-1.0.1-3.el7.x86_64
Jul 29 12:52:39 Installed: cpp-4.8.5-36.el7_6.2.x86_64
Jul 29 12:52:40 Installed: kernel-headers-3.10.0-957.21.3.el7.x86_64
Jul 29 12:52:41 Installed: glibc-headers-2.17-260.el7_6.6.x86_64
Jul 29 12:52:41 Installed: glibc-devel-2.17-260.el7_6.6.x86_64
Jul 29 12:52:43 Installed: gcc-4.8.5-36.el7_6.2.x86_64
Jul 29 12:54:29 Installed: libquadmath-4.8.5-36.el7_6.2.x86_64
Jul 29 12:54:29 Installed: m4-1.4.16-10.el7.x86_64
Jul 29 12:54:29 Installed: apr-1.4.8-3.el7_4.1.x86_64
Jul 29 12:54:29 Installed: apr-util-1.5.2-6.el7.x86_64
Jul 29 12:54:30 Installed: zip-3.0-11.el7.x86_64
Jul 29 12:54:30 Installed: patch-2.7.1-10.el7_5.x86_64
Jul 29 12:54:30 Installed: boost-system-1.53.0-27.el7.x86_64
Jul 29 12:54:30 Installed: unzip-6.0-19.el7.x86_64
Jul 29 12:54:30 Installed: boost-thread-1.53.0-27.el7.x86_64
Jul 29 12:54:30 Installed: libquadmath-devel-4.8.5-36.el7_6.2.x86_64
Jul 29 12:54:30 Installed: libgfortran-4.8.5-36.el7_6.2.x86_64
Jul 29 12:54:30 Installed: 1:perl-parent-0.225-244.el7.noarch
Jul 29 12:54:30 Installed: perl-HTTP-Tiny-0.033-3.el7.noarch
Jul 29 12:54:30 Installed: perl-podlators-2.5.1-3.el7.noarch
Jul 29 12:54:30 Installed: perl-Pod-Perldoc-3.20-4.el7.noarch
Jul 29 12:54:30 Installed: 1:perl-Pod-Escapes-1.04-294.el7_6.noarch
Jul 29 12:54:30 Installed: perl-Text-ParseWords-3.29-4.el7.noarch
Jul 29 12:54:30 Installed: perl-Encode-2.51-7.el7.x86_64
Jul 29 12:54:30 Installed: perl-Pod-Usage-1.63-3.el7.noarch
Jul 29 12:54:31 Installed: 4:perl-libs-5.16.3-294.el7_6.x86_64
Jul 29 12:54:31 Installed: perl-Socket-2.010-4.el7.x86_64
Jul 29 12:54:31 Installed: perl-Storable-2.45-3.el7.x86_64
Jul 29 12:54:31 Installed: 4:perl-Time-HiRes-1.9725-3.el7.x86_64
Jul 29 12:54:31 Installed: perl-threads-1.87-4.el7.x86_64
Jul 29 12:54:31 Installed: perl-Carp-1.26-244.el7.noarch
Jul 29 12:54:31 Installed: perl-Filter-1.49-3.el7.x86_64
Jul 29 12:54:31 Installed: perl-Exporter-5.68-3.el7.noarch
Jul 29 12:54:31 Installed: perl-constant-1.27-2.el7.noarch
Jul 29 12:54:31 Installed: perl-Time-Local-1.2300-2.el7.noarch
Jul 29 12:54:31 Installed: 4:perl-macros-5.16.3-294.el7_6.x86_64
Jul 29 12:54:31 Installed: perl-threads-shared-1.43-6.el7.x86_64
Jul 29 12:54:31 Installed: perl-File-Temp-0.23.01-3.el7.noarch
Jul 29 12:54:31 Installed: perl-File-Path-2.09-2.el7.noarch
Jul 29 12:54:31 Installed: perl-PathTools-3.40-5.el7.x86_64
Jul 29 12:54:31 Installed: perl-Scalar-List-Utils-1.27-248.el7.x86_64
Jul 29 12:54:31 Installed: 1:perl-Pod-Simple-3.28-4.el7.noarch
Jul 29 12:54:31 Installed: perl-Getopt-Long-2.40-3.el7.noarch
Jul 29 12:54:34 Installed: 4:perl-5.16.3-294.el7_6.x86_64
Jul 29 12:54:34 Installed: perl-Thread-Queue-3.02-2.el7.noarch
Jul 29 12:54:34 Installed: 1:perl-Error-0.17020-2.el7.noarch
Jul 29 12:55:02 Installed: kernel-debug-devel-3.10.0-957.21.3.el7.x86_64
Jul 29 12:55:03 Installed: systemtap-devel-3.3-3.el7.x86_64
Jul 29 12:55:03 Installed: perl-TermReadKey-2.30-20.el7.x86_64
Jul 29 12:55:03 Installed: perl-Git-1.8.3.1-20.el7.noarch
Jul 29 12:55:05 Installed: git-1.8.3.1-20.el7.x86_64
Jul 29 12:55:05 Installed: perl-Data-Dumper-2.145-3.el7.x86_64
Jul 29 12:55:05 Installed: autoconf-2.69-11.el7.noarch
Jul 29 12:55:05 Installed: perl-XML-Parser-2.41-10.el7.x86_64
Jul 29 12:55:05 Installed: perl-Test-Harness-3.28-3.el7.noarch
Jul 29 12:55:06 Installed: automake-1.13.4-3.el7.noarch
Jul 29 12:55:06 Installed: efivar-libs-36-11.el7_6.1.x86_64
Jul 29 12:55:06 Installed: mokutil-15-2.el7.centos.x86_64
Jul 29 12:55:07 Installed: libstdc++-devel-4.8.5-36.el7_6.2.x86_64
Jul 29 12:55:07 Installed: 1:emacs-filesystem-24.3-22.el7.noarch
Jul 29 12:55:07 Installed: pakchois-0.4-10.el7.x86_64
Jul 29 12:55:07 Installed: dwz-0.11-3.el7.x86_64
Jul 29 12:55:07 Installed: perl-srpm-macros-1-8.el7.noarch
Jul 29 12:55:07 Installed: redhat-rpm-config-9.1.0-87.el7.centos.noarch
Jul 29 12:55:07 Installed: libmodman-2.0.1-8.el7.x86_64
Jul 29 12:55:07 Installed: libproxy-0.4.11-11.el7.x86_64
Jul 29 12:55:07 Installed: trousers-0.3.14-2.el7.x86_64
Jul 29 12:55:07 Installed: elfutils-0.172-2.el7.x86_64
Jul 29 12:55:07 Installed: boost-date-time-1.53.0-27.el7.x86_64
Jul 29 12:55:07 Installed: gettext-common-devel-0.19.8.1-2.el7.noarch
Jul 29 12:55:08 Installed: gettext-devel-0.19.8.1-2.el7.x86_64
Jul 29 12:55:08 Installed: gdb-7.6.1-114.el7.x86_64
Jul 29 12:55:08 Installed: nettle-2.7.1-8.el7.x86_64
Jul 29 12:55:09 Installed: gnutls-3.3.29-9.el7_6.x86_64
Jul 29 12:55:09 Installed: neon-0.30.0-3.el7.x86_64
Jul 29 12:55:09 Installed: subversion-libs-1.7.14-14.el7.x86_64
Jul 29 12:55:09 Installed: libdwarf-20130207-4.el7.x86_64
Jul 29 12:55:10 Installed: dyninst-9.3.1-2.el7.x86_64
Jul 29 12:55:10 Installed: systemtap-runtime-3.3-3.el7.x86_64
Jul 29 12:55:11 Installed: systemtap-client-3.3-3.el7.x86_64
Jul 29 12:55:11 Installed: systemtap-3.3-3.el7.x86_64
Jul 29 12:55:12 Installed: subversion-1.7.14-14.el7.x86_64
Jul 29 12:55:12 Installed: rpm-build-4.11.3-35.el7.x86_64
Jul 29 12:55:12 Installed: intltool-0.50.2-7.el7.noarch
Jul 29 12:55:12 Installed: cscope-15.8-10.el7.x86_64
Jul 29 12:55:13 Installed: gcc-c++-4.8.5-36.el7_6.2.x86_64
Jul 29 12:55:13 Installed: libtool-2.4.2-22.el7_3.x86_64
Jul 29 12:55:13 Installed: patchutils-0.3.3-4.el7.x86_64
Jul 29 12:55:14 Installed: gcc-gfortran-4.8.5-36.el7_6.2.x86_64
Jul 29 12:55:14 Installed: flex-2.5.37-6.el7.x86_64
Jul 29 12:55:15 Installed: bison-3.0.4-2.el7.x86_64
Jul 29 12:55:15 Installed: indent-2.2.11-13.el7.x86_64
Jul 29 12:55:15 Installed: ctags-5.8-13.el7.x86_64
Jul 29 12:55:15 Installed: rpm-sign-4.11.3-35.el7.x86_64
Jul 29 12:55:15 Installed: byacc-1.9.20130304-3.el7.x86_64
Jul 29 12:55:15 Installed: rcs-5.9.0-5.el7.x86_64
Jul 29 12:55:15 Installed: diffstat-1.57-4.el7.x86_64
Jul 29 12:55:16 Installed: swig-2.0.10-5.el7.x86_64
Jul 29 12:55:18 Installed: 1:doxygen-1.8.5-3.el7.x86_64
Jul 29 13:34:45 Installed: bc-1.06.95-13.el7.x86_64
Jul 29 13:36:52 Installed: zlib-devel-1.2.7-18.el7.x86_64
Jul 29 13:36:52 Installed: elfutils-libelf-devel-0.172-2.el7.x86_64
Jul 29 13:39:46 Installed: libcom_err-devel-1.42.9-13.el7.x86_64
Jul 29 13:39:46 Installed: libsepol-devel-2.5-10.el7.x86_64
Jul 29 13:39:46 Installed: pcre-devel-8.32-17.el7.x86_64
Jul 29 13:39:47 Installed: libselinux-devel-2.5-14.1.el7.x86_64
Jul 29 13:39:47 Installed: libkadm5-1.15.1-37.el7_6.x86_64
Jul 29 13:39:47 Installed: libverto-devel-0.2.5-4.el7.x86_64
Jul 29 13:39:47 Installed: keyutils-libs-devel-1.5.8-3.el7.x86_64
Jul 29 13:39:47 Installed: krb5-devel-1.15.1-37.el7_6.x86_64
Jul 29 13:39:48 Installed: 1:openssl-devel-1.0.2k-16.el7_6.1.x86_64
Jul 29 16:39:19 Installed: gpm-libs-1.20.7-5.el7.x86_64
Jul 29 16:39:20 Installed: 1:mc-4.8.7-11.el7.x86_64
